# JRE version: OpenJDK Runtime Environment (21.0.6) (build 21.0.6+-13368085-b895.109)
# Java VM: OpenJDK 64-Bit Server VM (21.0.6+-13368085-b895.109, mixed mode, emulated-client, tiered, compressed oops, compressed class ptrs, g1 gc, windows-amd64)
GC Precious Log:
 CardTable entry size: 512
 Card Set container configuration: InlinePtr #cards 4 size 8 Array Of Cards #cards 16 size 48 Howl #buckets 8 coarsen threshold 3686 Howl Bitmap #cards 512 size 80 coarsen threshold 460 Card regions per heap region 1 cards per card region 4096
 CPUs: 12 total, 12 available
 Memory: 16147M
 Large Page Support: Disabled
 NUMA Support: Disabled
 Compressed Oops: Enabled (Zero based)
 Heap Region Size: 2M
 Heap Min Capacity: 8M
 Heap Initial Capacity: 254M
 Heap Max Capacity: 4038M
 Pre-touch: Disabled
 Parallel Workers: 10
 Concurrent Workers: 3
 Concurrent Refinement Workers: 10
 Periodic GC: Disabled
Heap:
 garbage-first heap   total 131072K, used 51376K [0x0000000703a00000, 0x0000000800000000)
  region size 2048K, 9 young (18432K), 1 survivors (2048K)
 Metaspace       used 75654K, committed 76480K, reserved 1179648K
  class space    used 10240K, committed 10560K, reserved 1048576K
GC Heap History (20 events):
Event: 8682.847 GC heap after
{Heap after GC invocations=34 (full 0):
 garbage-first heap   total 131072K, used 37939K [0x0000000703a00000, 0x0000000800000000)
  region size 2048K, 3 young (6144K), 3 survivors (6144K)
 Metaspace       used 75578K, committed 76480K, reserved 1179648K
  class space    used 10219K, committed 10560K, reserved 1048576K
}
Event: 9489.466 GC heap before
{Heap before GC invocations=35 (full 0):
 garbage-first heap   total 131072K, used 109619K [0x0000000703a00000, 0x0000000800000000)
  region size 2048K, 38 young (77824K), 3 survivors (6144K)
 Metaspace       used 75578K, committed 76480K, reserved 1179648K
  class space    used 10219K, committed 10560K, reserved 1048576K
}
Event: 9489.478 GC heap after
{Heap after GC invocations=36 (full 0):
 garbage-first heap   total 131072K, used 37581K [0x0000000703a00000, 0x0000000800000000)
  region size 2048K, 2 young (4096K), 2 survivors (4096K)
 Metaspace       used 75578K, committed 76480K, reserved 1179648K
  class space    used 10219K, committed 10560K, reserved 1048576K
}
Event: 10323.657 GC heap before
{Heap before GC invocations=36 (full 0):
 garbage-first heap   total 131072K, used 111309K [0x0000000703a00000, 0x0000000800000000)
  region size 2048K, 38 young (77824K), 2 survivors (4096K)
 Metaspace       used 75578K, committed 76480K, reserved 1179648K
  class space    used 10219K, committed 10560K, reserved 1048576K
}
Event: 10323.686 GC heap after
{Heap after GC invocations=37 (full 0):
 garbage-first heap   total 131072K, used 37287K [0x0000000703a00000, 0x0000000800000000)
  region size 2048K, 2 young (4096K), 2 survivors (4096K)
 Metaspace       used 75578K, committed 76480K, reserved 1179648K
  class space    used 10219K, committed 10560K, reserved 1048576K
}
Event: 11155.663 GC heap before
{Heap before GC invocations=37 (full 0):
 garbage-first heap   total 131072K, used 111015K [0x0000000703a00000, 0x0000000800000000)
  region size 2048K, 38 young (77824K), 2 survivors (4096K)
 Metaspace       used 75578K, committed 76480K, reserved 1179648K
  class space    used 10219K, committed 10560K, reserved 1048576K
}
Event: 11155.695 GC heap after
{Heap after GC invocations=38 (full 0):
 garbage-first heap   total 131072K, used 37297K [0x0000000703a00000, 0x0000000800000000)
  region size 2048K, 2 young (4096K), 2 survivors (4096K)
 Metaspace       used 75578K, committed 76480K, reserved 1179648K
  class space    used 10219K, committed 10560K, reserved 1048576K
}
Event: 11995.110 GC heap before
{Heap before GC invocations=39 (full 0):
 garbage-first heap   total 131072K, used 111025K [0x0000000703a00000, 0x0000000800000000)
  region size 2048K, 38 young (77824K), 2 survivors (4096K)
 Metaspace       used 75537K, committed 76480K, reserved 1179648K
  class space    used 10208K, committed 10560K, reserved 1048576K
}
Event: 11995.117 GC heap after
{Heap after GC invocations=40 (full 0):
 garbage-first heap   total 131072K, used 37377K [0x0000000703a00000, 0x0000000800000000)
  region size 2048K, 2 young (4096K), 2 survivors (4096K)
 Metaspace       used 75537K, committed 76480K, reserved 1179648K
  class space    used 10208K, committed 10560K, reserved 1048576K
}
Event: 12822.205 GC heap before
{Heap before GC invocations=40 (full 0):
 garbage-first heap   total 131072K, used 111105K [0x0000000703a00000, 0x0000000800000000)
  region size 2048K, 38 young (77824K), 2 survivors (4096K)
 Metaspace       used 75537K, committed 76480K, reserved 1179648K
  class space    used 10208K, committed 10560K, reserved 1048576K
}
Event: 12822.234 GC heap after
{Heap after GC invocations=41 (full 0):
 garbage-first heap   total 131072K, used 36962K [0x0000000703a00000, 0x0000000800000000)
  region size 2048K, 2 young (4096K), 2 survivors (4096K)
 Metaspace       used 75537K, committed 76480K, reserved 1179648K
  class space    used 10208K, committed 10560K, reserved 1048576K
}
Event: 13649.657 GC heap before
{Heap before GC invocations=41 (full 0):
 garbage-first heap   total 131072K, used 110690K [0x0000000703a00000, 0x0000000800000000)
  region size 2048K, 38 young (77824K), 2 survivors (4096K)
 Metaspace       used 75537K, committed 76480K, reserved 1179648K
  class space    used 10208K, committed 10560K, reserved 1048576K
}
Event: 13649.687 GC heap after
{Heap after GC invocations=42 (full 0):
 garbage-first heap   total 131072K, used 37181K [0x0000000703a00000, 0x0000000800000000)
  region size 2048K, 2 young (4096K), 2 survivors (4096K)
 Metaspace       used 75537K, committed 76480K, reserved 1179648K
  class space    used 10208K, committed 10560K, reserved 1048576K
}
Event: 14486.923 GC heap before
{Heap before GC invocations=43 (full 0):
 garbage-first heap   total 131072K, used 110909K [0x0000000703a00000, 0x0000000800000000)
  region size 2048K, 38 young (77824K), 2 survivors (4096K)
 Metaspace       used 75536K, committed 76480K, reserved 1179648K
  class space    used 10207K, committed 10560K, reserved 1048576K
}
Event: 14486.927 GC heap after
{Heap after GC invocations=44 (full 0):
 garbage-first heap   total 131072K, used 37102K [0x0000000703a00000, 0x0000000800000000)
  region size 2048K, 2 young (4096K), 2 survivors (4096K)
 Metaspace       used 75536K, committed 76480K, reserved 1179648K
  class space    used 10207K, committed 10560K, reserved 1048576K
}
Event: 15314.298 GC heap before
{Heap before GC invocations=44 (full 0):
 garbage-first heap   total 131072K, used 110830K [0x0000000703a00000, 0x0000000800000000)
  region size 2048K, 38 young (77824K), 2 survivors (4096K)
 Metaspace       used 75536K, committed 76480K, reserved 1179648K
  class space    used 10207K, committed 10560K, reserved 1048576K
}
Event: 15314.314 GC heap after
{Heap after GC invocations=45 (full 0):
 garbage-first heap   total 131072K, used 36890K [0x0000000703a00000, 0x0000000800000000)
  region size 2048K, 2 young (4096K), 2 survivors (4096K)
 Metaspace       used 75536K, committed 76480K, reserved 1179648K
  class space    used 10207K, committed 10560K, reserved 1048576K
}
Event: 16150.460 GC heap before
{Heap before GC invocations=45 (full 0):
 garbage-first heap   total 131072K, used 110618K [0x0000000703a00000, 0x0000000800000000)
  region size 2048K, 38 young (77824K), 2 survivors (4096K)
 Metaspace       used 75536K, committed 76480K, reserved 1179648K
  class space    used 10207K, committed 10560K, reserved 1048576K
}
Event: 16150.472 GC heap after
{Heap after GC invocations=46 (full 0):
 garbage-first heap   total 131072K, used 37040K [0x0000000703a00000, 0x0000000800000000)
  region size 2048K, 1 young (2048K), 1 survivors (2048K)
 Metaspace       used 75536K, committed 76480K, reserved 1179648K
  class space    used 10207K, committed 10560K, reserved 1048576K
}
Event: 16307.999 GC heap before
{Heap before GC invocations=47 (full 0):
 garbage-first heap   total 131072K, used 51376K [0x0000000703a00000, 0x0000000800000000)
  region size 2048K, 9 young (18432K), 1 survivors (2048K)
 Metaspace       used 75654K, committed 76480K, reserved 1179648K
  class space    used 10240K, committed 10560K, reserved 1048576K
}

